  CommandListFactory.c
  MerchantFunctions.c
C:\Users\alexander.lam\Documents\GitHub\GAM100-Text-Adventure\TextAdventureVisualStudio\MerchantFunctions.c(41,45): error C2037: left of 'item' specifies undefined struct/union 'ItemList'
C:\Users\alexander.lam\Documents\GitHub\GAM100-Text-Adventure\TextAdventureVisualStudio\MerchantFunctions.c(41,32): error C2198: 'Item_GetName': too few arguments for call
C:\Users\alexander.lam\Documents\GitHub\GAM100-Text-Adventure\TextAdventureVisualStudio\MerchantFunctions.c(48,23): error C2037: left of 'next' specifies undefined struct/union 'ItemList'
  NotebookFunctions.c
  BrickFunctions.c
  CommandHandler.c
  CommandList.c
  DropCommandHandler.c
  EggFunctions.c
  ExitDoorFunctions.c
  GameFlags.c
  GameState.c
  GameStateFactory.c
  GoCommandHandler.c
  GoldPieceFunctions.c
  HelpCommandHandler.c
  InputProvider.c
  InventoryCommandHandler.c
  Item.c
  ItemList.c
  LookCommandHandler.c
  Generating Code...
  Compiling...
  QuitCommandHandler.c
  Room.c
  RoomExit.c
  TakeCommandHandler.c
  UseCommandHandler.c
  WorldData.c
  TalkCommandHandler.c
  WorldDataFactory.c
  Generating Code...
